<?xml version="1.0" encoding="UTF-8"?>
<!-- Generated by org.testng.reporters.JUnitXMLReporter -->
<testsuite hostname="ARA" ignored="1" name="API Tests" tests="1" failures="0" timestamp="2020-04-27T13:43:01 PKT" time="30.1" errors="0">
  <testcase name="postEndpointValidation" time="12.077" classname="com.cdk.qa.framework.validators.ApiValidationPOST"/>
  <testcase name="postcEndpointValidation" time="0.0" classname="com.cdk.qa.framework.validators.ApiValidationPOST">
    <ignored/>
  </testcase> <!-- postcEndpointValidation -->
</testsuite> <!-- API Tests -->
